INFO  - 2020-04-03 12:45:26.085; it.uniroma2.isw2.milestone1.Milestone1; Found 434 fixed bugs in Jira DB!
INFO  - 2020-04-03 12:45:26.664; it.uniroma2.isw2.milestone1.Milestone1; Found 2817 commits in Git!
INFO  - 2020-04-03 12:45:39.363; it.uniroma2.isw2.milestone1.Milestone1; Il tuo file CSV è pronto!
INFO  - 2020-04-03 13:00:37.116; it.uniroma2.isw2.milestone1.Milestone1; Found 434 fixed bugs in Jira DB!
INFO  - 2020-04-03 13:00:37.684; it.uniroma2.isw2.milestone1.Milestone1; Found 2817 commits in Git!
INFO  - 2020-04-03 13:00:50.315; it.uniroma2.isw2.milestone1.Milestone1; Il tuo file CSV è pronto!
INFO  - 2020-04-03 13:09:53.167; it.uniroma2.isw2.milestone1.Milestone1; Found 434 fixed bugs in Jira DB!
INFO  - 2020-04-03 13:09:53.761; it.uniroma2.isw2.milestone1.Milestone1; Found 2817 commits in Git!
INFO  - 2020-04-03 13:10:06.845; it.uniroma2.isw2.milestone1.Milestone1; Il tuo file CSV è pronto!
INFO  - 2020-04-03 13:11:44.143; it.uniroma2.isw2.milestone1.Milestone1; Found 434 fixed bugs in Jira DB!
INFO  - 2020-04-03 13:11:44.690; it.uniroma2.isw2.milestone1.Milestone1; Found 2817 commits in Git!
INFO  - 2020-04-03 13:11:57.386; it.uniroma2.isw2.milestone1.Milestone1; Il tuo file CSV è pronto!
INFO  - 2020-04-03 13:19:20.677; it.uniroma2.isw2.milestone1.Milestone1; Found 434 fixed bugs in Jira DB!
INFO  - 2020-04-03 13:19:21.265; it.uniroma2.isw2.milestone1.Milestone1; Found 2817 commits in Git!
INFO  - 2020-04-03 13:19:33.778; it.uniroma2.isw2.milestone1.Milestone1; Il tuo file CSV è pronto!
INFO  - 2020-04-03 13:20:23.782; it.uniroma2.isw2.milestone1.Milestone1; Retieving data from Jira...
INFO  - 2020-04-03 13:20:24.945; it.uniroma2.isw2.milestone1.Milestone1; Found 434 fixed bugs in Jira DB!
INFO  - 2020-04-03 13:20:25.480; it.uniroma2.isw2.milestone1.Milestone1; Found 2817 commits in Git!
INFO  - 2020-04-03 13:20:38.105; it.uniroma2.isw2.milestone1.Milestone1; Il tuo file CSV è pronto!
INFO  - 2020-04-03 13:30:08.078; it.uniroma2.isw2.milestone1.Milestone1; Retieving data from Jira...
INFO  - 2020-04-03 13:30:09.138; it.uniroma2.isw2.milestone1.Milestone1; Found 434 fixed bugs in Jira DB!
INFO  - 2020-04-03 13:30:28.001; it.uniroma2.isw2.milestone1.Milestone1; Retieving data from Jira...
INFO  - 2020-04-03 13:30:29.118; it.uniroma2.isw2.milestone1.Milestone1; Found 434 fixed bugs in Jira DB!
INFO  - 2020-04-03 13:30:46.154; it.uniroma2.isw2.milestone1.Milestone1; Found 2817 commits in Git!
INFO  - 2020-04-03 13:31:00.337; it.uniroma2.isw2.milestone1.Milestone1; Il tuo file CSV è pronto!
INFO  - 2020-04-03 13:42:32.799; it.uniroma2.isw2.milestone1.Milestone1; Retieving data from Jira...
INFO  - 2020-04-03 13:42:33.964; it.uniroma2.isw2.milestone1.Milestone1; Found 434 fixed bugs in Jira DB!
INFO  - 2020-04-03 13:42:33.964; it.uniroma2.isw2.milestone1.Milestone1; Downloading repository and search for commits in Git...
INFO  - 2020-04-03 13:42:44.467; it.uniroma2.isw2.milestone1.Milestone1; Retieving data from Jira...
INFO  - 2020-04-03 13:42:45.545; it.uniroma2.isw2.milestone1.Milestone1; Found 434 fixed bugs in Jira DB!
INFO  - 2020-04-03 13:42:45.546; it.uniroma2.isw2.milestone1.Milestone1; Downloading repository and search for commits in Git...
INFO  - 2020-04-03 13:42:59.621; it.uniroma2.isw2.milestone1.Milestone1; Found 2817 commits in Git!
INFO  - 2020-04-03 13:43:12.423; it.uniroma2.isw2.milestone1.Milestone1; Il tuo file CSV è pronto!
INFO  - 2020-04-03 13:43:23.452; it.uniroma2.isw2.milestone1.Milestone1; Retieving data from Jira...
INFO  - 2020-04-03 13:43:24.516; it.uniroma2.isw2.milestone1.Milestone1; Found 434 fixed bugs in Jira DB!
INFO  - 2020-04-03 13:43:24.517; it.uniroma2.isw2.milestone1.Milestone1; Downloading repository from Git...
INFO  - 2020-04-03 13:43:38.310; it.uniroma2.isw2.milestone1.Milestone1; Done! Found 2817 commits in Git!
INFO  - 2020-04-03 13:43:51.153; it.uniroma2.isw2.milestone1.Milestone1; Il tuo file CSV è pronto!
INFO  - 2020-04-03 14:48:08.875; it.uniroma2.isw2.milestone1.Milestone1; Retieving data from Jira...
INFO  - 2020-04-03 14:48:09.977; it.uniroma2.isw2.milestone1.Milestone1; Found 434 fixed bugs in Jira DB!
INFO  - 2020-04-03 14:48:09.978; it.uniroma2.isw2.milestone1.Milestone1; Downloading repository from Git...
INFO  - 2020-04-03 14:48:55.984; it.uniroma2.isw2.milestone1.Milestone1; Retieving data from Jira...
INFO  - 2020-04-03 14:48:57.043; it.uniroma2.isw2.milestone1.Milestone1; Found 434 fixed bugs in Jira DB!
INFO  - 2020-04-03 14:48:57.043; it.uniroma2.isw2.milestone1.Milestone1; Downloading repository from Git...
INFO  - 2020-04-03 14:49:12.549; it.uniroma2.isw2.milestone1.Milestone1; Done! Found 2817 commits in Git!
INFO  - 2020-04-03 14:49:42.634; it.uniroma2.isw2.milestone1.Milestone1; Retieving data from Jira...
INFO  - 2020-04-03 14:49:43.680; it.uniroma2.isw2.milestone1.Milestone1; Found 434 fixed bugs in Jira DB!
INFO  - 2020-04-03 14:49:43.680; it.uniroma2.isw2.milestone1.Milestone1; Downloading repository from Git...
INFO  - 2020-04-03 14:50:08.714; it.uniroma2.isw2.milestone1.Milestone1; Retieving data from Jira...
INFO  - 2020-04-03 14:50:09.749; it.uniroma2.isw2.milestone1.Milestone1; Found 434 fixed bugs in Jira DB!
INFO  - 2020-04-03 14:50:09.749; it.uniroma2.isw2.milestone1.Milestone1; Downloading repository from Git...
INFO  - 2020-04-03 14:50:24.540; it.uniroma2.isw2.milestone1.Milestone1; Done! Found 2817 commits in Git!
INFO  - 2020-04-03 14:50:37.665; it.uniroma2.isw2.milestone1.Milestone1; Il tuo file CSV è pronto!
INFO  - 2020-04-03 15:13:38.072; it.uniroma2.isw2.milestone1.Milestone1; Retieving data from Jira...
INFO  - 2020-04-03 15:13:39.254; it.uniroma2.isw2.milestone1.Milestone1; Found 434 fixed bugs in Jira DB!
INFO  - 2020-04-03 15:13:39.254; it.uniroma2.isw2.milestone1.Milestone1; Downloading repository from Git...
INFO  - 2020-04-03 15:13:49.512; it.uniroma2.isw2.milestone1.Milestone1; Retieving data from Jira...
INFO  - 2020-04-03 15:13:50.725; it.uniroma2.isw2.milestone1.Milestone1; Found 434 fixed bugs in Jira DB!
INFO  - 2020-04-03 15:13:50.726; it.uniroma2.isw2.milestone1.Milestone1; Downloading repository from Git...
INFO  - 2020-04-03 15:14:06.127; it.uniroma2.isw2.milestone1.Milestone1; Done! Found 2817 commits in Git!
INFO  - 2020-04-03 15:14:18.675; it.uniroma2.isw2.milestone1.Milestone1; Il tuo file CSV è pronto!
INFO  - 2020-04-03 15:16:10.338; it.uniroma2.isw2.milestone1.Milestone1; Retieving data from Jira...
INFO  - 2020-04-03 15:16:11.466; it.uniroma2.isw2.milestone1.Milestone1; Found 434 fixed bugs in Jira DB!
INFO  - 2020-04-03 15:16:11.467; it.uniroma2.isw2.milestone1.Milestone1; Downloading repository from Git...
INFO  - 2020-04-03 15:16:26.478; it.uniroma2.isw2.milestone1.Milestone1; Done! Found 2817 commits in Git!
INFO  - 2020-04-03 15:16:39.617; it.uniroma2.isw2.milestone1.Milestone1; Il tuo file CSV è pronto!
INFO  - 2020-04-03 15:22:05.965; it.uniroma2.isw2.milestone1.Milestone1; Retieving data from Jira...
INFO  - 2020-04-03 15:22:07.027; it.uniroma2.isw2.milestone1.Milestone1; Found 434 fixed bugs in Jira DB!
INFO  - 2020-04-03 15:22:07.027; it.uniroma2.isw2.milestone1.Milestone1; Downloading repository from Git...
INFO  - 2020-04-03 15:22:21.755; it.uniroma2.isw2.milestone1.Milestone1; Done! Found 2817 commits in Git!
INFO  - 2020-04-03 15:22:35.005; it.uniroma2.isw2.milestone1.Milestone1; Il tuo file CSV è pronto!
INFO  - 2020-04-03 15:31:58.527; it.uniroma2.isw2.milestone1.Milestone1; Retieving data from Jira...
INFO  - 2020-04-03 15:31:59.656; it.uniroma2.isw2.milestone1.Milestone1; Found 434 fixed bugs in Jira DB!
INFO  - 2020-04-03 15:31:59.656; it.uniroma2.isw2.milestone1.Milestone1; Downloading repository from Git...
INFO  - 2020-04-03 15:32:35.229; it.uniroma2.isw2.milestone1.Milestone1; Retieving data from Jira...
INFO  - 2020-04-03 15:32:36.299; it.uniroma2.isw2.milestone1.Milestone1; Found 434 fixed bugs in Jira DB!
INFO  - 2020-04-03 15:32:36.300; it.uniroma2.isw2.milestone1.Milestone1; Downloading repository from Git...
INFO  - 2020-04-03 15:32:51.940; it.uniroma2.isw2.milestone1.Milestone1; Done! Found 2817 commits in Git!
INFO  - 2020-04-03 15:33:05.229; it.uniroma2.isw2.milestone1.Milestone1; Il tuo file CSV è pronto!
INFO  - 2020-04-03 15:40:43.106; it.uniroma2.isw2.milestone1.Milestone1; Retieving data from Jira...
INFO  - 2020-04-03 15:40:44.233; it.uniroma2.isw2.milestone1.Milestone1; Found 434 fixed bugs in Jira DB!
INFO  - 2020-04-03 15:40:44.233; it.uniroma2.isw2.milestone1.Milestone1; Downloading repository from Git...
INFO  - 2020-04-03 15:40:58.025; it.uniroma2.isw2.milestone1.Milestone1; Retieving data from Jira...
INFO  - 2020-04-03 15:40:59.144; it.uniroma2.isw2.milestone1.Milestone1; Found 434 fixed bugs in Jira DB!
INFO  - 2020-04-03 15:40:59.144; it.uniroma2.isw2.milestone1.Milestone1; Downloading repository from Git...
INFO  - 2020-04-03 15:41:12.833; it.uniroma2.isw2.milestone1.Milestone1; Done! Found 2817 commits in Git!
INFO  - 2020-04-03 15:41:25.589; it.uniroma2.isw2.milestone1.Milestone1; Il tuo file CSV è pronto!
INFO  - 2020-04-03 15:55:15.452; it.uniroma2.isw2.milestone1.Milestone1; Retieving data from Jira...
INFO  - 2020-04-03 15:55:16.561; it.uniroma2.isw2.milestone1.Milestone1; Found 434 fixed bugs in Jira DB!
INFO  - 2020-04-03 15:55:16.562; it.uniroma2.isw2.milestone1.Milestone1; Downloading repository from Git...
INFO  - 2020-04-03 15:55:29.355; it.uniroma2.isw2.milestone1.Milestone1; Retieving data from Jira...
INFO  - 2020-04-03 15:55:30.374; it.uniroma2.isw2.milestone1.Milestone1; Found 434 fixed bugs in Jira DB!
INFO  - 2020-04-03 15:55:30.375; it.uniroma2.isw2.milestone1.Milestone1; Downloading repository from Git...
INFO  - 2020-04-03 15:55:45.187; it.uniroma2.isw2.milestone1.Milestone1; Done! Found 2817 commits in Git!
INFO  - 2020-04-03 15:55:58.455; it.uniroma2.isw2.milestone1.Milestone1; Il tuo file CSV è pronto!
INFO  - 2020-04-03 16:05:03.142; it.uniroma2.isw2.milestone1.Milestone1; Retieving data from Jira...
INFO  - 2020-04-03 16:05:04.201; it.uniroma2.isw2.milestone1.Milestone1; Found 434 fixed bugs in Jira DB!
INFO  - 2020-04-03 16:05:04.201; it.uniroma2.isw2.milestone1.Milestone1; Downloading repository from Git...
INFO  - 2020-04-03 16:05:12.685; it.uniroma2.isw2.milestone1.Milestone1; Retieving data from Jira...
INFO  - 2020-04-03 16:05:13.829; it.uniroma2.isw2.milestone1.Milestone1; Found 434 fixed bugs in Jira DB!
INFO  - 2020-04-03 16:05:13.829; it.uniroma2.isw2.milestone1.Milestone1; Downloading repository from Git...
INFO  - 2020-04-03 16:05:28.079; it.uniroma2.isw2.milestone1.Milestone1; Done! Found 2817 commits in Git!
INFO  - 2020-04-03 16:05:40.754; it.uniroma2.isw2.milestone1.Milestone1; Il tuo file CSV è pronto!
INFO  - 2020-04-03 17:04:01.099; it.uniroma2.isw2.milestone1.Milestone1; Retieving data from Jira...
INFO  - 2020-04-03 17:04:02.368; it.uniroma2.isw2.milestone1.Milestone1; Found 434 fixed bugs in Jira DB!
INFO  - 2020-04-03 17:04:02.369; it.uniroma2.isw2.milestone1.Milestone1; Downloading repository from Git...
INFO  - 2020-04-03 17:04:20.532; it.uniroma2.isw2.milestone1.Milestone1; Done! Found 2817 commits in Git!
INFO  - 2020-04-03 17:04:33.080; it.uniroma2.isw2.milestone1.Milestone1; Done! Your file .csv is ready!
INFO  - 2020-04-03 18:15:28.447; it.uniroma2.isw2.milestone1.Milestone1; Retieving data from Jira...
INFO  - 2020-04-03 18:15:29.518; it.uniroma2.isw2.milestone1.Milestone1; Found 434 fixed bugs in Jira DB!
INFO  - 2020-04-03 18:15:29.518; it.uniroma2.isw2.milestone1.Milestone1; Downloading repository from Git...
INFO  - 2020-04-03 18:15:39.137; it.uniroma2.isw2.milestone1.Milestone1; Retieving data from Jira...
INFO  - 2020-04-03 18:15:40.213; it.uniroma2.isw2.milestone1.Milestone1; Found 434 fixed bugs in Jira DB!
INFO  - 2020-04-03 18:15:40.214; it.uniroma2.isw2.milestone1.Milestone1; Downloading repository from Git...
INFO  - 2020-04-03 18:15:57.804; it.uniroma2.isw2.milestone1.Milestone1; Done! Found 2817 commits in Git!
INFO  - 2020-04-03 18:16:10.053; it.uniroma2.isw2.milestone1.Milestone1; Done! Your file .csv is ready!
INFO  - 2020-04-27 10:00:07.205; it.uniroma2.isw2.milestone1.Milestone1; Retieving data from Jira...
INFO  - 2020-04-27 10:00:08.932; it.uniroma2.isw2.milestone1.Milestone1; Found 434 fixed bugs in Jira DB!
INFO  - 2020-04-27 10:00:08.934; it.uniroma2.isw2.milestone1.Milestone1; Downloading repository from Git...
INFO  - 2020-04-27 10:01:24.432; it.uniroma2.isw2.milestone1.Milestone1; Retieving data from Jira...
INFO  - 2020-04-27 10:01:26.115; it.uniroma2.isw2.milestone1.Milestone1; Found 434 fixed bugs in Jira DB!
INFO  - 2020-04-27 10:01:26.116; it.uniroma2.isw2.milestone1.Milestone1; Downloading repository from Git...
INFO  - 2020-04-27 10:01:40.019; it.uniroma2.isw2.milestone1.Milestone1; Retieving data from Jira...
INFO  - 2020-04-27 10:01:41.821; it.uniroma2.isw2.milestone1.Milestone1; Found 434 fixed bugs in Jira DB!
INFO  - 2020-04-27 10:01:41.821; it.uniroma2.isw2.milestone1.Milestone1; Downloading repository from Git...
INFO  - 2020-04-27 10:02:00.959; it.uniroma2.isw2.milestone1.Milestone1; Done! Found 2817 commits in Git!
INFO  - 2020-04-27 10:02:13.566; it.uniroma2.isw2.milestone1.Milestone1; Done! Your file .csv is ready!
INFO  - 2020-05-02 17:46:01.658; it.uniroma2.isw2.milestone1.Milestone1; Retieving data from Jira...
INFO  - 2020-05-02 17:46:02.713; it.uniroma2.isw2.milestone1.Milestone1; Found 434 fixed bugs in Jira DB!
INFO  - 2020-05-02 17:46:02.713; it.uniroma2.isw2.milestone1.Milestone1; Downloading repository from Git...
INFO  - 2020-05-28 11:50:40.862; it.uniroma2.isw2.milestone1.Milestone1; Retieving data from Jira...
INFO  - 2020-05-28 11:50:42.086; it.uniroma2.isw2.milestone1.Milestone1; Found 434 fixed bugs in Jira DB!
INFO  - 2020-05-28 11:50:42.086; it.uniroma2.isw2.milestone1.Milestone1; Downloading repository from Git...
INFO  - 2020-05-28 11:51:34.981; it.uniroma2.isw2.milestone1.Milestone1; Retieving data from Jira...
INFO  - 2020-05-28 11:51:36.080; it.uniroma2.isw2.milestone1.Milestone1; Found 434 fixed bugs in Jira DB!
INFO  - 2020-05-28 11:51:36.080; it.uniroma2.isw2.milestone1.Milestone1; Downloading repository from Git...
INFO  - 2020-05-28 11:51:53.125; it.uniroma2.isw2.milestone1.Milestone1; Done! Found 2820 commits in Git!
INFO  - 2020-05-28 11:52:06.302; it.uniroma2.isw2.milestone1.Milestone1; Done! Your file .csv is ready!
INFO  - 2020-05-28 11:55:13.988; it.uniroma2.isw2.milestone1.Main; Retieving data from Jira...
INFO  - 2020-05-28 11:55:15.079; it.uniroma2.isw2.milestone1.Main; Found 434 fixed bugs in Jira DB!
INFO  - 2020-05-28 11:55:15.079; it.uniroma2.isw2.milestone1.Main; Downloading repository from Git...
INFO  - 2020-05-28 11:55:28.434; it.uniroma2.isw2.milestone1.Main; Done! Found 2820 commits in Git!
INFO  - 2020-05-28 11:55:41.074; it.uniroma2.isw2.milestone1.Main; Done! Your file .csv is ready!
INFO  - 2020-05-28 11:56:16.362; it.uniroma2.isw2.milestone1.Main; Retieving data from Jira...
INFO  - 2020-05-28 11:56:17.441; it.uniroma2.isw2.milestone1.Main; Found 434 fixed bugs in Jira DB!
INFO  - 2020-05-28 11:56:17.441; it.uniroma2.isw2.milestone1.Main; Downloading repository from Git...
INFO  - 2020-05-28 11:56:30.913; it.uniroma2.isw2.milestone1.Main; Done! Found 2820 commits in Git!
INFO  - 2020-05-28 11:56:43.534; it.uniroma2.isw2.milestone1.Main; Done! Your file .csv is ready!
INFO  - 2020-05-28 12:10:06.318; it.uniroma2.isw2.milestone1.Main; Retieving data from Jira...
INFO  - 2020-05-28 12:10:07.576; it.uniroma2.isw2.milestone1.Main; Found 434 fixed bugs in Jira DB!
INFO  - 2020-05-28 12:10:07.577; it.uniroma2.isw2.milestone1.Main; Downloading repository from Git...
INFO  - 2020-05-28 12:10:22.469; it.uniroma2.isw2.milestone1.Main; Done! Found 2820 commits in Git!
INFO  - 2020-05-28 12:10:35.039; it.uniroma2.isw2.milestone1.Main; Done! Your file .csv is ready!
